21:54:33 **** Incremental Build of configuration Debug for project robotrace_v1 ****
make -j16 all 
arm-none-eabi-gcc "../Core/Src/motor.c" -mcpu=cortex-m4 -std=gnu11 -g3 -DDEBUG -DUSE_HAL_DRIVER -DSTM32F446xx -c -I../Core/Inc -I../Drivers/STM32F4xx_HAL_Driver/Inc -I../Drivers/STM32F4xx_HAL_Driver/Inc/Legacy -I../Drivers/CMSIS/Device/ST/STM32F4xx/Include -I../Drivers/CMSIS/Include -O0 -ffunction-sections -fdata-sections -Wall -fstack-usage -MMD -MP -MF"Core/Src/motor.d" -MT"Core/Src/motor.o" --specs=nano.specs -mfpu=fpv4-sp-d16 -mfloat-abi=hard -mthumb -o "Core/Src/motor.o"
arm-none-eabi-gcc "../Core/Src/setup.c" -mcpu=cortex-m4 -std=gnu11 -g3 -DDEBUG -DUSE_HAL_DRIVER -DSTM32F446xx -c -I../Core/Inc -I../Drivers/STM32F4xx_HAL_Driver/Inc -I../Drivers/STM32F4xx_HAL_Driver/Inc/Legacy -I../Drivers/CMSIS/Device/ST/STM32F4xx/Include -I../Drivers/CMSIS/Include -O0 -ffunction-sections -fdata-sections -Wall -fstack-usage -MMD -MP -MF"Core/Src/setup.d" -MT"Core/Src/setup.o" --specs=nano.specs -mfpu=fpv4-sp-d16 -mfloat-abi=hard -mthumb -o "Core/Src/setup.o"
../Core/Src/setup.c: In function 'setup':
../Core/Src/setup.c:135:5: warning: implicit declaration of function 'motorPwmOutSynth'; did you mean 'motorPwmOut'? [-Wimplicit-function-declaration]
  135 |     motorPwmOutSynth( tracePwm, 0 );
      |     ^~~~~~~~~~~~~~~~
      |     motorPwmOut
../Core/Src/setup.c:67:16: warning: unused variable 'k' [-Wunused-variable]
   67 |  int16_t i, j, k;
      |                ^
../Core/Src/setup.c:67:13: warning: unused variable 'j' [-Wunused-variable]
   67 |  int16_t i, j, k;
      |             ^
../Core/Src/setup.c:67:10: warning: unused variable 'i' [-Wunused-variable]
   67 |  int16_t i, j, k;
      |          ^
../Core/Src/setup.c:66:19: warning: unused variable 'sd_sw' [-Wunused-variable]
   66 |  uint8_t cnt_led, sd_sw;
      |                   ^~~~~
arm-none-eabi-gcc -o "robotrace_v1.elf" @"objects.list"   -mcpu=cortex-m4 -T"D:\robotrace_v1\robotrace_v1\STM32F446RETX_FLASH.ld" --specs=nosys.specs -Wl,-Map="robotrace_v1.map" -Wl,--gc-sections -static --specs=nano.specs -mfpu=fpv4-sp-d16 -mfloat-abi=hard -mthumb -u _printf_float -u _scanf_float -Wl,--start-group -lc -lm -Wl,--end-group
Finished building target: robotrace_v1.elf
 
arm-none-eabi-size   robotrace_v1.elf 
arm-none-eabi-objdump -h -S  robotrace_v1.elf  > "robotrace_v1.list"
   text	   data	    bss	    dec	    hex	filename
  59536	    536	   2872	  62944	   f5e0	robotrace_v1.elf
Finished building: default.size.stdout
 
Finished building: robotrace_v1.list
 

21:54:34 Build Finished. 0 errors, 5 warnings. (took 957ms)

